2025-06-13 14:50:43,621 - __main__ - INFO - Database initialized successfully
2025-06-13 14:50:43,621 - __main__ - INFO - Database initialized successfully
2025-06-13 14:50:43,622 - __main__ - INFO - Showing login popup
2025-06-13 14:50:43,835 - __main__ - INFO - Starting Finance Management Application
2025-06-13 14:51:05,851 - __main__ - INFO - Showing register popup
2025-06-13 14:51:08,649 - __main__ - INFO - User created with ID: 1
2025-06-13 14:51:09,569 - __main__ - INFO - Showing login content
2025-06-13 14:51:11,622 - __main__ - INFO - User ar@if.com logged in successfully
2025-06-13 14:51:11,632 - __main__ - INFO - Creating main application window
2025-06-13 14:51:11,749 - __main__ - INFO - Showing main application
2025-06-13 14:51:23,926 - __main__ - INFO - Application closing
2025-06-13 14:51:23,927 - __main__ - INFO - User ar@if.com session ending
2025-06-13 15:07:48,444 - __main__ - INFO - Database initialized successfully
2025-06-13 15:07:48,446 - __main__ - INFO - Database initialized successfully
2025-06-13 15:07:48,454 - __main__ - INFO - Showing login popup
2025-06-13 15:07:48,755 - __main__ - INFO - Starting Finance Management Application
2025-06-13 15:08:03,138 - __main__ - ERROR - Authentication error: User.__init__() got an unexpected keyword argument 'date_joined'
2025-06-13 15:08:06,162 - __main__ - INFO - Showing register popup
2025-06-13 15:08:09,267 - root - ERROR - Registration error: Email already exists
2025-06-13 15:08:16,418 - __main__ - INFO - Showing login content
2025-06-13 15:08:18,555 - __main__ - ERROR - Authentication error: User.__init__() got an unexpected keyword argument 'date_joined'
2025-06-13 15:08:26,010 - __main__ - INFO - Showing register popup
2025-06-13 15:08:37,223 - __main__ - INFO - User created with ID: 2
2025-06-13 15:08:38,136 - __main__ - INFO - Showing login content
2025-06-13 15:08:40,293 - __main__ - ERROR - Authentication error: User.__init__() got an unexpected keyword argument 'date_joined'
2025-06-13 15:08:46,557 - __main__ - INFO - Login window closing
2025-06-13 15:09:23,628 - __main__ - INFO - Database initialized successfully
2025-06-13 15:09:23,629 - __main__ - INFO - Database initialized successfully
2025-06-13 15:09:23,629 - __main__ - INFO - Showing login popup
2025-06-13 15:09:23,819 - __main__ - INFO - Starting Finance Management Application
2025-06-13 15:09:26,764 - __main__ - INFO - Showing register popup
2025-06-13 15:09:28,796 - __main__ - INFO - Showing login content
2025-06-13 15:09:31,134 - __main__ - INFO - User ari@f.com logged in successfully
2025-06-13 15:09:31,146 - __main__ - INFO - Creating main application window
2025-06-13 15:09:31,275 - __main__ - INFO - Showing main application
2025-06-13 15:09:42,409 - __main__ - INFO - Transaction created with ID: 1
2025-06-13 15:09:50,793 - __main__ - INFO - Transaction created with ID: 2
2025-06-13 15:10:01,581 - __main__ - INFO - User ari@f.com logged out
2025-06-13 15:10:01,624 - __main__ - INFO - Showing login popup
2025-06-13 15:10:02,735 - __main__ - INFO - Login window closing
2025-06-13 15:10:50,243 - __main__ - INFO - Database initialized successfully
2025-06-13 15:10:50,244 - __main__ - INFO - Database initialized successfully
2025-06-13 15:10:50,244 - __main__ - INFO - Showing login popup
2025-06-13 15:10:50,357 - __main__ - INFO - Starting Finance Management Application
2025-06-13 15:10:52,968 - __main__ - INFO - User ari@f.com logged in successfully
2025-06-13 15:10:52,979 - __main__ - INFO - Creating main application window
2025-06-13 15:10:53,066 - __main__ - INFO - Showing main application
2025-06-13 15:10:55,888 - __main__ - INFO - Application closing
2025-06-13 15:10:55,889 - __main__ - INFO - User ari@f.com session ending
